22 июл. 2026 18:32:32,750 ERROR StartLogger - Exception while starting logics instance: 
Error during parsing at Result:20:49
java.lang.ClassCastException: class lsfusion.server.data.type.ObjectType cannot be cast to class lsfusion.server.logics.classes.data.DataClass (lsfusion.server.data.type.ObjectType and lsfusion.server.logics.classes.data.DataClass are in unnamed module of loader 'app')
	at lsfusion.server.logics.property.classes.infer.ExClassSet.toExType(ExClassSet.java:109)
	at lsfusion.server.logics.property.classes.data.FormulaJoinProperty.inferValueClass(FormulaJoinProperty.java:63)
	at lsfusion.server.logics.property.classes.data.FormulaJoinProperty.calcInferValueClass(FormulaJoinProperty.java:81)
	at lsfusion.server.logics.property.Property.inferValueClass_aroundBody82(Property.java:2304)
	at lsfusion.server.logics.property.Property$AjcClosure83.run(Property.java:1)
	at org.aspectj.runtime.reflect.JoinPointImpl.proceed(JoinPointImpl.java:149)
	at lsfusion.server.base.caches.CacheAspect.execute(CacheAspect.java:258)
	at lsfusion.server.base.caches.CacheAspect.lazyExecute(CacheAspect.java:84)
	at lsfusion.server.base.caches.CacheAspect.lazyIdentityExecute(CacheAspect.java:324)
	at lsfusion.server.base.caches.CacheAspect.callMethod(CacheAspect.java:346)
	at lsfusion.server.base.caches.CacheAspect.callStartMethod(CacheAspect.java:354)
	at lsfusion.server.logics.property.Property.inferValueClass(Property.java:2303)
	at lsfusion.server.logics.property.Property.inferJoinValueClass(Property.java:323)
	at lsfusion.server.logics.property.JoinProperty.calcInferValueClass(JoinProperty.java:482)
	at lsfusion.server.logics.property.Property.inferValueClass_aroundBody82(Property.java:2304)
	at lsfusion.server.logics.property.Property$AjcClosure83.run(Property.java:1)
	at org.aspectj.runtime.reflect.JoinPointImpl.proceed(JoinPointImpl.java:149)
	at lsfusion.server.base.caches.CacheAspect.execute(CacheAspect.java:258)
	at lsfusion.server.base.caches.CacheAspect.lazyExecute(CacheAspect.java:84)
	at lsfusion.server.base.caches.CacheAspect.lazyIdentityExecute(CacheAspect.java:324)
	at lsfusion.server.base.caches.CacheAspect.callMethod(CacheAspect.java:346)
	at lsfusion.server.base.caches.CacheAspect.callStartMethod(CacheAspect.java:354)
	at lsfusion.server.logics.property.Property.inferValueClass(Property.java:2303)
	at lsfusion.server.logics.property.Property.getResolveClassSet(Property.java:1329)
	at lsfusion.server.language.property.LP.getResolveClassSet(LP.java:410)
	at lsfusion.server.language.ScriptingLogicsModule.getParamClassesByParamProperties(ScriptingLogicsModule.java:1617)
	at lsfusion.server.language.ScriptingLogicsModule.findLPByPropertyUsage(ScriptingLogicsModule.java:1636)
	at lsfusion.server.language.ScriptingLogicsModule.addScriptedJProp(ScriptingLogicsModule.java:1671)
	at lsfusion.server.language.LsfLogicsParser.joinPropertyDefinition(LsfLogicsParser.java:16233)
	at lsfusion.server.language.LsfLogicsParser.expressionFriendlyPD(LsfLogicsParser.java:15761)
	at lsfusion.server.language.LsfLogicsParser.expressionPrimitive(LsfLogicsParser.java:14716)
	at lsfusion.server.language.LsfLogicsParser.simplePE(LsfLogicsParser.java:14134)
	at lsfusion.server.language.LsfLogicsParser.postfixUnaryPE(LsfLogicsParser.java:13946)
	at lsfusion.server.language.LsfLogicsParser.unaryMinusPE(LsfLogicsParser.java:13887)
	at lsfusion.server.language.LsfLogicsParser.multiplicativePE(LsfLogicsParser.java:13770)
	at lsfusion.server.language.LsfLogicsParser.additivePE(LsfLogicsParser.java:13649)
	at lsfusion.server.language.LsfLogicsParser.additiveORPE(LsfLogicsParser.java:13558)
	at lsfusion.server.language.LsfLogicsParser.likePE(LsfLogicsParser.java:13440)
	at lsfusion.server.language.LsfLogicsParser.relationalPE(LsfLogicsParser.java:13347)
	at lsfusion.server.language.LsfLogicsParser.equalityPE(LsfLogicsParser.java:13228)
	at lsfusion.server.language.LsfLogicsParser.notPE(LsfLogicsParser.java:13169)
	at lsfusion.server.language.LsfLogicsParser.andPE(LsfLogicsParser.java:13056)
	at lsfusion.server.language.LsfLogicsParser.xorPE(LsfLogicsParser.java:12972)
	at lsfusion.server.language.LsfLogicsParser.orPE(LsfLogicsParser.java:12888)
	at lsfusion.server.language.LsfLogicsParser.ifPE(LsfLogicsParser.java:12804)
	at lsfusion.server.language.LsfLogicsParser.propertyExpressionOrNot(LsfLogicsParser.java:12743)
	at lsfusion.server.language.LsfLogicsParser.propertyExpressionOrContextIndependent(LsfLogicsParser.java:12552)
	at lsfusion.server.language.LsfLogicsParser.propertyDefinition(LsfLogicsParser.java:12376)
	at lsfusion.server.language.LsfLogicsParser.propertyStatement(LsfLogicsParser.java:11976)
	at lsfusion.server.language.LsfLogicsParser.statement(LsfLogicsParser.java:918)
	at lsfusion.server.language.LsfLogicsParser.statements(LsfLogicsParser.java:734)
	at lsfusion.server.language.LsfLogicsParser.script(LsfLogicsParser.java:688)
	at lsfusion.server.language.ScriptParser.initParseStep(ScriptParser.java:61)
	at lsfusion.server.language.ScriptingLogicsModule.parseStep(ScriptingLogicsModule.java:5881)
	at lsfusion.server.language.ScriptingLogicsModule.initMainLogic(ScriptingLogicsModule.java:266)
	at lsfusion.server.logics.controller.init.InitMainLogicTask.runInnerTask(InitMainLogicTask.java:28)
	at lsfusion.server.language.ScriptingLogicsModule.runInit(ScriptingLogicsModule.java:325)
	at lsfusion.server.physics.dev.module.controller.init.GroupModuleTask.runTask(GroupModuleTask.java:20)
	at lsfusion.server.physics.dev.module.controller.init.GroupModuleTask.runTask(GroupModuleTask.java:1)
	at lsfusion.server.base.task.GroupSingleTask$1.run(GroupSingleTask.java:67)
	at lsfusion.server.base.task.Task.lambda$1(Task.java:151)
	at lsfusion.server.base.controller.thread.ExecutorFactory.lambda$0(ExecutorFactory.java:183)
	at lsfusion.base.BaseUtils.executeWithTimeout(BaseUtils.java:2323)
	at lsfusion.server.base.controller.thread.ExecutorFactory.executeWithTimeout(ExecutorFactory.java:180)
	at lsfusion.server.base.task.Task.proceed(Task.java:150)
	at lsfusion.server.base.task.Task$1.aspectRun(Task.java:107)
	at lsfusion.server.base.controller.thread.ExecutorFactory$AspectRunnable.run(ExecutorFactory.java:510)
	at java.base/java.util.concurrent.ThreadPoolExecutor.runWorker(ThreadPoolExecutor.java:1090)
	at java.base/java.util.concurrent.ThreadPoolExecutor$Worker.run(ThreadPoolExecutor.java:614)
	at java.base/java.lang.Thread.run(Thread.java:1474)
	at lsfusion.server.base.controller.thread.ExecutorFactory$ClosableDaemonThreadFactory$ClosableThread.run(ExecutorFactory.java:627)
22 июл. 2026 18:35:14,240 ERROR SystemLogger - Failed to initialize tess4j. Add tess4j jar to classpath.
22 июл. 2026 18:48:26,593 ERROR SystemLogger - Failed to initialize tess4j. Add tess4j jar to classpath.
