22 июл. 2026 18:32:29,940  INFO StartLogger - Server is starting...
22 июл. 2026 18:32:30,020  INFO StartLogger - Current version: 6.2 (373)
22 июл. 2026 18:32:30,022  INFO StartLogger - Java version: 25.0.2
22 июл. 2026 18:32:30,022  INFO StartLogger - Class path: C:\Users\Lenovo\IdeaProjects\untitled2\out\production\untitled2;C:\Program Files\lsFusion 6\Server\server.jar
22 июл. 2026 18:32:30,029  INFO StartLogger - JVM arguments: [-Xmx1200m, -ea, -Dlsfusion.server.lightstart=true, -Dlsfusion.server.plugin.enabled=true, -javaagent:C:\Program Files\JetBrains\IDEA 2026.1\lib\idea_rt.jar=62696, -Dfile.encoding=UTF-8, -Dsun.stdout.encoding=UTF-8, -Dsun.stderr.encoding=UTF-8]
22 июл. 2026 18:32:30,704  INFO StartLogger - Logics instance is starting...
22 июл. 2026 18:32:30,721  INFO StartLogger - Initializing BusinessLogics
22 июл. 2026 18:32:30,734  INFO StartLogger - Initializing string literals data
22 июл. 2026 18:32:30,734  INFO StartLogger - Creating modules
22 июл. 2026 18:32:30,734  INFO StartLogger - Initializing localizer
22 июл. 2026 18:32:31,073  INFO StartLogger - Initializing dependencies
22 июл. 2026 18:32:31,133  INFO StartLogger - Initializing modules order
22 июл. 2026 18:32:31,135  INFO StartLogger - Initializing metacodes and classes
22 июл. 2026 18:32:31,440  INFO StartLogger - Initializing object class
22 июл. 2026 18:32:31,443  INFO StartLogger - Initializing tables
22 июл. 2026 18:32:31,478  INFO StartLogger - Initializing class tables
22 июл. 2026 18:32:31,540  INFO StartLogger - Initializing full tables with one key
22 июл. 2026 18:32:31,542  INFO StartLogger - Initializing main logic
22 июл. 2026 18:32:31,551  INFO StartLogger - Initializing main logic for module : #1 of 58 System (actual: 1)
22 июл. 2026 18:32:31,875  INFO StartLogger - Initializing main logic for module : #2 of 58 Integration (actual: 49)
22 июл. 2026 18:32:31,875  INFO StartLogger - Initializing main logic for module : #4 of 58 Image (actual: 11)
22 июл. 2026 18:32:31,875  INFO StartLogger - Initializing main logic for module : #3 of 58 Time (actual: 2)
22 июл. 2026 18:32:31,875  INFO StartLogger - Initializing main logic for module : #5 of 58 Main (actual: 17)
22 июл. 2026 18:32:31,875  INFO StartLogger - Initializing main logic for module : #8 of 58 Printer (actual: 10)
22 июл. 2026 18:32:31,875  INFO StartLogger - Initializing main logic for module : #6 of 58 Sound (actual: 36)
22 июл. 2026 18:32:31,875  INFO StartLogger - Initializing main logic for module : #7 of 58 Com (actual: 52)
22 июл. 2026 18:32:31,875  INFO StartLogger - Initializing main logic for module : #9 of 58 UserEvents (actual: 15)
22 июл. 2026 18:32:31,875  INFO StartLogger - Initializing main logic for module : #10 of 58 MasterData (actual: 7)
22 июл. 2026 18:32:31,875  INFO StartLogger - Initializing main logic for module : #11 of 58 DefaultData (actual: 12)
22 июл. 2026 18:32:31,876  INFO StartLogger - Initializing main logic for module : #12 of 58 ProcessUtils (actual: 38)
22 июл. 2026 18:32:31,876  INFO StartLogger - Initializing main logic for module : #13 of 58 ResultType (actual: 18)
22 июл. 2026 18:32:31,876  INFO StartLogger - Initializing main logic for module : #16 of 58 Subjects (actual: 22)
22 июл. 2026 18:32:31,876  INFO StartLogger - Initializing main logic for module : #14 of 58 TypeReasons (actual: 23)
22 июл. 2026 18:32:31,876  INFO StartLogger - Initializing main logic for module : #15 of 58 Player (actual: 21)
22 июл. 2026 18:32:31,876  INFO StartLogger - Initializing main logic for module : #17 of 58 Region (actual: 19)
22 июл. 2026 18:32:31,880  INFO StartLogger - Initializing main logic for module : #18 of 58 Numerator (actual: 13)
22 июл. 2026 18:32:31,887  INFO StartLogger - Initializing main logic for module : #19 of 58 Reasons (actual: 24)
22 июл. 2026 18:32:31,887  INFO StartLogger - Initializing main logic for module : #20 of 58 UO (actual: 20)
22 июл. 2026 18:32:32,076  INFO StartLogger - Initializing main logic for module : #22 of 58 Utils (actual: 3)
22 июл. 2026 18:32:32,076  INFO StartLogger - Initializing main logic for module : #21 of 58 Result (actual: 25)
22 июл. 2026 18:32:32,160  INFO StartLogger - Initializing main logic for module : #23 of 58 I18n (actual: 35)
22 июл. 2026 18:32:32,160  INFO StartLogger - Initializing main logic for module : #24 of 58 Excel (actual: 27)
22 июл. 2026 18:32:32,160  INFO StartLogger - Initializing main logic for module : #25 of 58 Authentication (actual: 4)
22 июл. 2026 18:32:32,160  INFO StartLogger - Initializing main logic for module : #26 of 58 Hierarchy (actual: 26)
22 июл. 2026 18:32:32,160  INFO StartLogger - Initializing main logic for module : #27 of 58 Schedule (actual: 58)
22 июл. 2026 18:32:32,281  INFO StartLogger - Initializing main logic for module : #28 of 58 Reflection (actual: 5)
22 июл. 2026 18:32:32,281  INFO StartLogger - Initializing main logic for module : #29 of 58 Historizable (actual: 16)
22 июл. 2026 18:32:32,281  INFO StartLogger - Initializing main logic for module : #30 of 58 ProcessMonitor (actual: 47)
22 июл. 2026 18:32:32,281  INFO StartLogger - Initializing main logic for module : #31 of 58 Document (actual: 14)
22 июл. 2026 18:32:32,374  INFO StartLogger - Initializing main logic for module : #32 of 58 SystemEvents (actual: 6)
22 июл. 2026 18:32:32,374  INFO StartLogger - Initializing main logic for module : #33 of 58 Messenger (actual: 33)
22 июл. 2026 18:32:32,383  INFO StartLogger - Initializing main logic for module : #34 of 58 Slack (actual: 42)
22 июл. 2026 18:32:32,383  INFO StartLogger - Initializing main logic for module : #35 of 58 Telegram (actual: 53)
22 июл. 2026 18:32:32,383  INFO StartLogger - Initializing main logic for module : #36 of 58 Whatsapp (actual: 34)
22 июл. 2026 18:32:32,383  INFO StartLogger - Initializing main logic for module : #37 of 58 Skype (actual: 56)
22 июл. 2026 18:32:32,383  INFO StartLogger - Initializing main logic for module : #38 of 58 Viber (actual: 40)
22 июл. 2026 18:32:32,464  INFO StartLogger - Initializing main logic for module : #40 of 58 Email (actual: 28)
22 июл. 2026 18:32:32,464  INFO StartLogger - Initializing main logic for module : #39 of 58 FrappeGantt (actual: 44)
22 июл. 2026 18:32:32,465  INFO StartLogger - Initializing main logic for module : #41 of 58 Icon (actual: 43)
22 июл. 2026 18:32:32,465  INFO StartLogger - Initializing main logic for module : #44 of 58 RabbitMQ (actual: 55)
22 июл. 2026 18:32:32,465  INFO StartLogger - Initializing main logic for module : #42 of 58 Chart (actual: 51)
22 июл. 2026 18:32:32,465  INFO StartLogger - Initializing main logic for module : #43 of 58 WebSocket (actual: 54)
22 июл. 2026 18:32:32,465  INFO StartLogger - Initializing main logic for module : #45 of 58 Word (actual: 8)
22 июл. 2026 18:32:32,465  INFO StartLogger - Initializing main logic for module : #46 of 58 JKanban (actual: 41)
22 июл. 2026 18:32:32,465  INFO StartLogger - Initializing main logic for module : #48 of 58 OpenCV (actual: 57)
22 июл. 2026 18:32:32,465  INFO StartLogger - Initializing main logic for module : #49 of 58 QZTray (actual: 37)
22 июл. 2026 18:32:32,465  INFO StartLogger - Initializing main logic for module : #47 of 58 Geo (actual: 39)
22 июл. 2026 18:32:32,465  INFO StartLogger - Initializing main logic for module : #50 of 58 Carousel (actual: 9)
22 июл. 2026 18:32:32,532  INFO StartLogger - Initializing main logic for module : #51 of 58 Security (actual: 29)
22 июл. 2026 18:32:32,592  INFO StartLogger - Initializing main logic for module : #52 of 58 Service (actual: 30)
22 июл. 2026 18:32:32,694  INFO StartLogger - Initializing main logic for module : #53 of 58 Profiler (actual: 31)
22 июл. 2026 18:32:32,695  INFO StartLogger - Initializing main logic for module : #54 of 58 Eval (actual: 32)
22 июл. 2026 18:32:32,695  INFO StartLogger - Initializing main logic for module : #55 of 58 SQLUtils (actual: 48)
22 июл. 2026 18:32:32,695  INFO StartLogger - Initializing main logic for module : #56 of 58 Chat (actual: 50)
22 июл. 2026 18:32:32,695  INFO StartLogger - Initializing main logic for module : #57 of 58 Scheduler (actual: 45)
22 июл. 2026 18:32:32,736  INFO StartLogger - Initializing main logic for module : #58 of 58 Backup (actual: 46)
22 июл. 2026 18:32:32,767  INFO StartLogger - Error starting server, server will be stopped
22 июл. 2026 18:32:32,767  INFO StartLogger - Server is stopping...
22 июл. 2026 18:32:32,767  INFO StartLogger - Logics instance is stopping...
22 июл. 2026 18:32:32,768  INFO StartLogger - Logics instance has stopped...
22 июл. 2026 18:32:32,769  INFO StartLogger - Server has stopped...
22 июл. 2026 18:35:02,888  INFO StartLogger - Server is starting...
22 июл. 2026 18:35:02,922  INFO StartLogger - Current version: 6.2 (373)
22 июл. 2026 18:35:02,922  INFO StartLogger - Java version: 25.0.2
22 июл. 2026 18:35:02,922  INFO StartLogger - Class path: C:\Users\Lenovo\IdeaProjects\untitled2\out\production\untitled2;C:\Program Files\lsFusion 6\Server\server.jar
22 июл. 2026 18:35:02,928  INFO StartLogger - JVM arguments: [-Xmx1200m, -ea, -Dlsfusion.server.lightstart=true, -Dlsfusion.server.plugin.enabled=true, -javaagent:C:\Program Files\JetBrains\IDEA 2026.1\lib\idea_rt.jar=51641, -Dfile.encoding=UTF-8, -Dsun.stdout.encoding=UTF-8, -Dsun.stderr.encoding=UTF-8]
22 июл. 2026 18:35:03,360  INFO StartLogger - Logics instance is starting...
22 июл. 2026 18:35:03,373  INFO StartLogger - Initializing BusinessLogics
22 июл. 2026 18:35:03,381  INFO StartLogger - Initializing localizer
22 июл. 2026 18:35:03,381  INFO StartLogger - Creating modules
22 июл. 2026 18:35:03,381  INFO StartLogger - Initializing string literals data
22 июл. 2026 18:35:03,668  INFO StartLogger - Initializing dependencies
22 июл. 2026 18:35:03,718  INFO StartLogger - Initializing modules order
22 июл. 2026 18:35:03,721  INFO StartLogger - Initializing metacodes and classes
22 июл. 2026 18:35:03,988  INFO StartLogger - Initializing object class
22 июл. 2026 18:35:03,990  INFO StartLogger - Initializing tables
22 июл. 2026 18:35:04,024  INFO StartLogger - Initializing class tables
22 июл. 2026 18:35:04,076  INFO StartLogger - Initializing full tables with one key
22 июл. 2026 18:35:04,077  INFO StartLogger - Initializing main logic
22 июл. 2026 18:35:04,084  INFO StartLogger - Initializing main logic for module : #1 of 58 System (actual: 1)
22 июл. 2026 18:35:04,350  INFO StartLogger - Initializing main logic for module : #2 of 58 DefaultData (actual: 12)
22 июл. 2026 18:35:04,350  INFO StartLogger - Initializing main logic for module : #3 of 58 Image (actual: 11)
22 июл. 2026 18:35:04,350  INFO StartLogger - Initializing main logic for module : #4 of 58 UserEvents (actual: 15)
22 июл. 2026 18:35:04,350  INFO StartLogger - Initializing main logic for module : #6 of 58 Sound (actual: 36)
22 июл. 2026 18:35:04,350  INFO StartLogger - Initializing main logic for module : #7 of 58 Integration (actual: 49)
22 июл. 2026 18:35:04,350  INFO StartLogger - Initializing main logic for module : #8 of 58 Time (actual: 2)
22 июл. 2026 18:35:04,350  INFO StartLogger - Initializing main logic for module : #5 of 58 Main (actual: 17)
22 июл. 2026 18:35:04,350  INFO StartLogger - Initializing main logic for module : #11 of 58 MasterData (actual: 7)
22 июл. 2026 18:35:04,350  INFO StartLogger - Initializing main logic for module : #10 of 58 Com (actual: 52)
22 июл. 2026 18:35:04,350  INFO StartLogger - Initializing main logic for module : #9 of 58 ProcessUtils (actual: 38)
22 июл. 2026 18:35:04,350  INFO StartLogger - Initializing main logic for module : #12 of 58 Printer (actual: 10)
22 июл. 2026 18:35:04,350  INFO StartLogger - Initializing main logic for module : #13 of 58 Subjects (actual: 22)
22 июл. 2026 18:35:04,351  INFO StartLogger - Initializing main logic for module : #14 of 58 Region (actual: 19)
22 июл. 2026 18:35:04,351  INFO StartLogger - Initializing main logic for module : #15 of 58 Player (actual: 21)
22 июл. 2026 18:35:04,351  INFO StartLogger - Initializing main logic for module : #16 of 58 TypeReasons (actual: 23)
22 июл. 2026 18:35:04,351  INFO StartLogger - Initializing main logic for module : #17 of 58 ResultType (actual: 18)
22 июл. 2026 18:35:04,354  INFO StartLogger - Initializing main logic for module : #18 of 58 Numerator (actual: 13)
22 июл. 2026 18:35:04,360  INFO StartLogger - Initializing main logic for module : #19 of 58 UO (actual: 20)
22 июл. 2026 18:35:04,360  INFO StartLogger - Initializing main logic for module : #20 of 58 Reasons (actual: 24)
22 июл. 2026 18:35:04,537  INFO StartLogger - Initializing main logic for module : #22 of 58 Utils (actual: 3)
22 июл. 2026 18:35:04,537  INFO StartLogger - Initializing main logic for module : #21 of 58 Result (actual: 25)
22 июл. 2026 18:35:04,588  INFO StartLogger - Initializing main logic for module : #23 of 58 Schedule (actual: 58)
22 июл. 2026 18:35:04,588  INFO StartLogger - Initializing main logic for module : #25 of 58 I18n (actual: 35)
22 июл. 2026 18:35:04,588  INFO StartLogger - Initializing main logic for module : #24 of 58 Hierarchy (actual: 26)
22 июл. 2026 18:35:04,589  INFO StartLogger - Initializing main logic for module : #26 of 58 Authentication (actual: 4)
22 июл. 2026 18:35:04,589  INFO StartLogger - Initializing main logic for module : #27 of 58 Excel (actual: 27)
22 июл. 2026 18:35:04,686  INFO StartLogger - Initializing main logic for module : #28 of 58 Reflection (actual: 5)
22 июл. 2026 18:35:04,686  INFO StartLogger - Initializing main logic for module : #29 of 58 Document (actual: 14)
22 июл. 2026 18:35:04,686  INFO StartLogger - Initializing main logic for module : #30 of 58 Historizable (actual: 16)
22 июл. 2026 18:35:04,686  INFO StartLogger - Initializing main logic for module : #31 of 58 ProcessMonitor (actual: 47)
22 июл. 2026 18:35:04,750  INFO StartLogger - Initializing main logic for module : #32 of 58 Messenger (actual: 33)
22 июл. 2026 18:35:04,750  INFO StartLogger - Initializing main logic for module : #33 of 58 SystemEvents (actual: 6)
22 июл. 2026 18:35:04,757  INFO StartLogger - Initializing main logic for module : #34 of 58 Slack (actual: 42)
22 июл. 2026 18:35:04,757  INFO StartLogger - Initializing main logic for module : #36 of 58 Whatsapp (actual: 34)
22 июл. 2026 18:35:04,757  INFO StartLogger - Initializing main logic for module : #35 of 58 Viber (actual: 40)
22 июл. 2026 18:35:04,757  INFO StartLogger - Initializing main logic for module : #37 of 58 Telegram (actual: 53)
22 июл. 2026 18:35:04,757  INFO StartLogger - Initializing main logic for module : #38 of 58 Skype (actual: 56)
22 июл. 2026 18:35:04,831  INFO StartLogger - Initializing main logic for module : #39 of 58 Carousel (actual: 9)
22 июл. 2026 18:35:04,831  INFO StartLogger - Initializing main logic for module : #41 of 58 Geo (actual: 39)
22 июл. 2026 18:35:04,831  INFO StartLogger - Initializing main logic for module : #40 of 58 Icon (actual: 43)
22 июл. 2026 18:35:04,831  INFO StartLogger - Initializing main logic for module : #42 of 58 QZTray (actual: 37)
22 июл. 2026 18:35:04,831  INFO StartLogger - Initializing main logic for module : #46 of 58 Chart (actual: 51)
22 июл. 2026 18:35:04,831  INFO StartLogger - Initializing main logic for module : #43 of 58 OpenCV (actual: 57)
22 июл. 2026 18:35:04,831  INFO StartLogger - Initializing main logic for module : #44 of 58 FrappeGantt (actual: 44)
22 июл. 2026 18:35:04,831  INFO StartLogger - Initializing main logic for module : #45 of 58 RabbitMQ (actual: 55)
22 июл. 2026 18:35:04,831  INFO StartLogger - Initializing main logic for module : #47 of 58 Email (actual: 28)
22 июл. 2026 18:35:04,831  INFO StartLogger - Initializing main logic for module : #48 of 58 Word (actual: 8)
22 июл. 2026 18:35:04,831  INFO StartLogger - Initializing main logic for module : #49 of 58 JKanban (actual: 41)
22 июл. 2026 18:35:04,831  INFO StartLogger - Initializing main logic for module : #50 of 58 WebSocket (actual: 54)
22 июл. 2026 18:35:04,893  INFO StartLogger - Initializing main logic for module : #51 of 58 Security (actual: 29)
22 июл. 2026 18:35:04,944  INFO StartLogger - Initializing main logic for module : #52 of 58 Service (actual: 30)
22 июл. 2026 18:35:05,012  INFO StartLogger - Initializing main logic for module : #53 of 58 Profiler (actual: 31)
22 июл. 2026 18:35:05,012  INFO StartLogger - Initializing main logic for module : #54 of 58 SQLUtils (actual: 48)
22 июл. 2026 18:35:05,012  INFO StartLogger - Initializing main logic for module : #55 of 58 Chat (actual: 50)
22 июл. 2026 18:35:05,012  INFO StartLogger - Initializing main logic for module : #56 of 58 Eval (actual: 32)
22 июл. 2026 18:35:05,012  INFO StartLogger - Initializing main logic for module : #57 of 58 Scheduler (actual: 45)
22 июл. 2026 18:35:05,041  INFO StartLogger - Initializing main logic for module : #58 of 58 Backup (actual: 46)
22 июл. 2026 18:35:05,051  INFO StartLogger - Finalizing classes
22 июл. 2026 18:35:05,051  INFO StartLogger - Checking for duplicate elements
22 июл. 2026 18:35:05,051  INFO StartLogger - Finalizing groups
22 июл. 2026 18:35:05,088  INFO StartLogger - Filling implicit cases
22 июл. 2026 18:35:05,088  INFO StartLogger - Initializing class dialog forms
22 июл. 2026 18:35:05,088  INFO StartLogger - Finalizing abstract actions
22 июл. 2026 18:35:05,088  INFO StartLogger - Initializing abstract properties
22 июл. 2026 18:35:05,115  INFO StartLogger - Checking abstract
22 июл. 2026 18:35:05,115  INFO StartLogger - Initializing class aggr props
22 июл. 2026 18:35:05,115  INFO StartLogger - Initializing fields for data and materialized properties
22 июл. 2026 18:35:05,115  INFO StartLogger - Looking for recursions in abstract actions
22 июл. 2026 18:35:05,147  INFO StartLogger - Setting up property policy
22 июл. 2026 18:35:05,147  INFO StartLogger - Setting up drill-down
22 июл. 2026 18:35:05,147  INFO StartLogger - Finalizing navigator elements
22 июл. 2026 18:35:05,161  INFO StartLogger - Finalizing tables
22 июл. 2026 18:35:05,161  INFO StartLogger - Initializing indices
22 июл. 2026 18:35:05,181  INFO StartLogger - Initializing reflection events
22 июл. 2026 18:35:05,203  INFO StartLogger - Setting up action policy
22 июл. 2026 18:35:06,107  INFO StartLogger - Setting user logging for properties
22 июл. 2026 18:35:06,122  INFO StartLogger - Setting user materialized for properties
22 июл. 2026 18:35:06,124  INFO StartLogger - Setting user not null constraints for properties
22 июл. 2026 18:35:06,127  INFO StartLogger - Disabling input list
22 июл. 2026 18:35:06,131  INFO StartLogger - Setting user select for properties
22 июл. 2026 18:35:06,137  INFO StartLogger - Initializing class data indexes
22 июл. 2026 18:35:06,137  INFO StartLogger - Setting up loggables
22 июл. 2026 18:35:06,137  INFO StartLogger - Finalizing forms
22 июл. 2026 18:35:06,147  INFO StartLogger - Finalizing properties
22 июл. 2026 18:35:06,158  INFO StartLogger - Synchronizing DB
22 июл. 2026 18:35:06,203  INFO StartLogger - Checking indexes
22 июл. 2026 18:35:06,208  INFO StartLogger - Applying migration script (0.0 -> 0.0)
22 июл. 2026 18:35:06,231  INFO StartLogger - Creating tables
22 июл. 2026 18:35:06,289  INFO StartLogger - Updating stats
22 июл. 2026 18:35:06,302  INFO StartLogger - Adding indexes
22 июл. 2026 18:35:06,302  INFO StartLogger - Dropping column System__CLASS__auto_Main_Region from table _auto_Main_Region
22 июл. 2026 18:35:06,303  INFO StartLogger - Dropping column System__CLASS__auto_Main_Result from table _auto_Main_Result
22 июл. 2026 18:35:06,304  INFO StartLogger - Dropping column System__CLASS__auto_Main_Player from table _auto_Main_Player
22 июл. 2026 18:35:06,304  INFO StartLogger - Dropping column System__CLASS__auto_Main_Reasons from table _auto_Main_Reasons
22 июл. 2026 18:35:06,305  INFO StartLogger - Dropping column System__CLASS__auto_Main_TypeReasons from table _auto_Main_TypeReasons
22 июл. 2026 18:35:06,305  INFO StartLogger - Dropping column System__CLASS__auto_Main_ResultType from table _auto_Main_ResultType
22 июл. 2026 18:35:06,306  INFO StartLogger - Dropping column System__CLASS__auto_Main_Subjects from table _auto_Main_Subjects
22 июл. 2026 18:35:06,306  INFO StartLogger - Dropping column System__CLASS__auto_Main_UO from table _auto_Main_UO
22 июл. 2026 18:35:06,306  INFO StartLogger - Deleting column Main_name_Subjects (renaming to _DELETED_Main_name_Subjects)  in table _auto_Main_Subjects started
22 июл. 2026 18:35:06,308  INFO StartLogger - Deleting column Main_name_Subjects (renaming to _DELETED_Main_name_Subjects)  in table _auto_Main_Subjects finished, 2ms
22 июл. 2026 18:35:06,308  INFO StartLogger - Deleting column Main_shortName_Subjects (renaming to _DELETED_Main_shortName_Subjects)  in table _auto_Main_Subjects started
22 июл. 2026 18:35:06,308  INFO StartLogger - Deleting column Main_shortName_Subjects (renaming to _DELETED_Main_shortName_Subjects)  in table _auto_Main_Subjects finished, 0ms
22 июл. 2026 18:35:06,308  INFO StartLogger - Deleting column Main_codeUO_UO (renaming to _DELETED_Main_codeUO_UO)  in table _auto_Main_UO started
22 июл. 2026 18:35:06,308  INFO StartLogger - Deleting column Main_codeUO_UO (renaming to _DELETED_Main_codeUO_UO)  in table _auto_Main_UO finished, 0ms
22 июл. 2026 18:35:06,308  INFO StartLogger - Deleting column Main_nameUO_UO (renaming to _DELETED_Main_nameUO_UO)  in table _auto_Main_UO started
22 июл. 2026 18:35:06,308  INFO StartLogger - Deleting column Main_nameUO_UO (renaming to _DELETED_Main_nameUO_UO)  in table _auto_Main_UO finished, 0ms
22 июл. 2026 18:35:06,309  INFO StartLogger - Deleting column Main_region_UO (renaming to _DELETED_Main_region_UO)  in table _auto_Main_UO started
22 июл. 2026 18:35:06,309  INFO StartLogger - Deleting column Main_region_UO (renaming to _DELETED_Main_region_UO)  in table _auto_Main_UO finished, 0ms
22 июл. 2026 18:35:06,309  INFO StartLogger - Deleting column Main_name_Player (renaming to _DELETED_Main_name_Player)  in table _auto_Main_Player started
22 июл. 2026 18:35:06,309  INFO StartLogger - Deleting column Main_name_Player (renaming to _DELETED_Main_name_Player)  in table _auto_Main_Player finished, 0ms
22 июл. 2026 18:35:06,310  INFO StartLogger - Deleting column Main_lastName_Player (renaming to _DELETED_Main_lastName_Player)  in table _auto_Main_Player started
22 июл. 2026 18:35:06,310  INFO StartLogger - Deleting column Main_lastName_Player (renaming to _DELETED_Main_lastName_Player)  in table _auto_Main_Player finished, 0ms
22 июл. 2026 18:35:06,310  INFO StartLogger - Deleting column Main_middleName_Player (renaming to _DELETED_Main_middleName_Player)  in table _auto_Main_Player started
22 июл. 2026 18:35:06,310  INFO StartLogger - Deleting column Main_middleName_Player (renaming to _DELETED_Main_middleName_Player)  in table _auto_Main_Player finished, 0ms
22 июл. 2026 18:35:06,310  INFO StartLogger - Deleting column Main_pasportNumber_Player (renaming to _DELETED_Main_pasportNumber_Player)  in table _auto_Main_Player started
22 июл. 2026 18:35:06,310  INFO StartLogger - Deleting column Main_pasportNumber_Player (renaming to _DELETED_Main_pasportNumber_Player)  in table _auto_Main_Player finished, 0ms
22 июл. 2026 18:35:06,311  INFO StartLogger - Deleting column Main_name_Reasons (renaming to _DELETED_Main_name_Reasons)  in table _auto_Main_Reasons started
22 июл. 2026 18:35:06,311  INFO StartLogger - Deleting column Main_name_Reasons (renaming to _DELETED_Main_name_Reasons)  in table _auto_Main_Reasons finished, 0ms
22 июл. 2026 18:35:06,311  INFO StartLogger - Deleting column Main_typeResons_Reasons (renaming to _DELETED_Main_typeResons_Reasons)  in table _auto_Main_Reasons started
22 июл. 2026 18:35:06,311  INFO StartLogger - Deleting column Main_typeResons_Reasons (renaming to _DELETED_Main_typeResons_Reasons)  in table _auto_Main_Reasons finished, 0ms
22 июл. 2026 18:35:06,311  INFO StartLogger - Deleting column Main_result_Result (renaming to _DELETED_Main_result_Result)  in table _auto_Main_Result started
22 июл. 2026 18:35:06,312  INFO StartLogger - Deleting column Main_result_Result (renaming to _DELETED_Main_result_Result)  in table _auto_Main_Result finished, 1ms
22 июл. 2026 18:35:06,312  INFO StartLogger - Deleting column Main_typeStage_Result (renaming to _DELETED_Main_typeStage_Result)  in table _auto_Main_Result started
22 июл. 2026 18:35:06,312  INFO StartLogger - Deleting column Main_typeStage_Result (renaming to _DELETED_Main_typeStage_Result)  in table _auto_Main_Result finished, 0ms
22 июл. 2026 18:35:06,312  INFO StartLogger - Deleting column Main_date_Result (renaming to _DELETED_Main_date_Result)  in table _auto_Main_Result started
22 июл. 2026 18:35:06,312  INFO StartLogger - Deleting column Main_date_Result (renaming to _DELETED_Main_date_Result)  in table _auto_Main_Result finished, 0ms
22 июл. 2026 18:35:06,312  INFO StartLogger - Deleting column Main_uo_Result (renaming to _DELETED_Main_uo_Result)  in table _auto_Main_Result started
22 июл. 2026 18:35:06,313  INFO StartLogger - Deleting column Main_uo_Result (renaming to _DELETED_Main_uo_Result)  in table _auto_Main_Result finished, 1ms
22 июл. 2026 18:35:06,313  INFO StartLogger - Deleting column Main_player_Result (renaming to _DELETED_Main_player_Result)  in table _auto_Main_Result started
22 июл. 2026 18:35:06,313  INFO StartLogger - Deleting column Main_player_Result (renaming to _DELETED_Main_player_Result)  in table _auto_Main_Result finished, 0ms
22 июл. 2026 18:35:06,313  INFO StartLogger - Deleting column Main_subject_Result (renaming to _DELETED_Main_subject_Result)  in table _auto_Main_Result started
22 июл. 2026 18:35:06,313  INFO StartLogger - Deleting column Main_subject_Result (renaming to _DELETED_Main_subject_Result)  in table _auto_Main_Result finished, 0ms
22 июл. 2026 18:35:06,314  INFO StartLogger - Deleting column Main_reason_Result (renaming to _DELETED_Main_reason_Result)  in table _auto_Main_Result started
22 июл. 2026 18:35:06,314  INFO StartLogger - Deleting column Main_reason_Result (renaming to _DELETED_Main_reason_Result)  in table _auto_Main_Result finished, 0ms
22 июл. 2026 18:35:06,314  INFO StartLogger - Deleting column Main_filterUO (renaming to _DELETED_Main_filterUO)  in table _auto started
22 июл. 2026 18:35:06,314  INFO StartLogger - Deleting column Main_filterUO (renaming to _DELETED_Main_filterUO)  in table _auto finished, 0ms
22 июл. 2026 18:35:06,314  INFO StartLogger - Deleting column Main_filterPlayer (renaming to _DELETED_Main_filterPlayer)  in table _auto started
22 июл. 2026 18:35:06,314  INFO StartLogger - Deleting column Main_filterPlayer (renaming to _DELETED_Main_filterPlayer)  in table _auto finished, 0ms
22 июл. 2026 18:35:06,315  INFO StartLogger - Deleting column Main_filterDate (renaming to _DELETED_Main_filterDate)  in table _auto started
22 июл. 2026 18:35:06,315  INFO StartLogger - Deleting column Main_filterDate (renaming to _DELETED_Main_filterDate)  in table _auto finished, 0ms
22 июл. 2026 18:35:06,315  INFO StartLogger - Dropping table _auto_Main_ResultType
22 июл. 2026 18:35:06,318  INFO StartLogger - Dropping table _auto_Main_Player
22 июл. 2026 18:35:06,318  INFO StartLogger - Dropping table _auto_Main_Subjects
22 июл. 2026 18:35:06,318  INFO StartLogger - Dropping table _auto_Main_TypeReasons
22 июл. 2026 18:35:06,320  INFO StartLogger - Dropping table _auto_Main_Region
22 июл. 2026 18:35:06,320  INFO StartLogger - Dropping table _auto_Main_Result
22 июл. 2026 18:35:06,321  INFO StartLogger - Dropping table _auto_Main_Reasons
22 июл. 2026 18:35:06,322  INFO StartLogger - Dropping table _auto_Main_UO
22 июл. 2026 18:35:06,322  INFO StartLogger - Packing tables
22 июл. 2026 18:35:06,326  INFO StartLogger - Filling static objects ids
22 июл. 2026 18:35:06,536  INFO StartLogger - Prereading form property events
22 июл. 2026 18:35:06,660  INFO StartLogger - Initializing lazy properties
22 июл. 2026 18:35:06,693  INFO StartLogger - Looking for recursions in abstract properties
22 июл. 2026 18:35:06,693  INFO StartLogger - Reading global events / materialized properties links
22 июл. 2026 18:35:07,051  INFO StartLogger - Building global events / materialized properties list
22 июл. 2026 18:35:07,072  INFO StartLogger - Reading local events links
22 июл. 2026 18:35:07,084  INFO StartLogger - Building local events list
22 июл. 2026 18:35:07,095  INFO StartLogger - Writing static objects changes
22 июл. 2026 18:35:07,104  INFO StartLogger - Adding static object with id 7332, sid Subjects_Subjects, name Предметы, image <PQWERJUQMASPRETQT/><GFDTRGDFSAFADXZW/>Subjects_Subjects<PQWERJUQMASPRETQT/>
22 июл. 2026 18:35:07,111  INFO StartLogger - Adding static object with id 7333, sid UO_UO, name Учреждение образования, image <PQWERJUQMASPRETQT/><GFDTRGDFSAFADXZW/>UO_UO<PQWERJUQMASPRETQT/>
22 июл. 2026 18:35:07,188  INFO StartLogger - Adding static object with id 7334, sid Player_Player, name Участники, image <PQWERJUQMASPRETQT/><GFDTRGDFSAFADXZW/>Player_Player<PQWERJUQMASPRETQT/>
22 июл. 2026 18:35:07,267  INFO StartLogger - Adding static object with id 7335, sid ResultType_ResultType, name Тип результата, image <PQWERJUQMASPRETQT/><GFDTRGDFSAFADXZW/>ResultType_ResultType<PQWERJUQMASPRETQT/>
22 июл. 2026 18:35:07,306  INFO StartLogger - Adding static object with id 7336, sid Reasons_Reasons, name Причины отсутствия на РД, image <PQWERJUQMASPRETQT/><GFDTRGDFSAFADXZW/>Reasons_Reasons<PQWERJUQMASPRETQT/>
22 июл. 2026 18:35:07,314  INFO StartLogger - Adding static object with id 7337, sid TypeReasons_TypeReasons, name Тип причины отсутствия, image <PQWERJUQMASPRETQT/><GFDTRGDFSAFADXZW/>TypeReasons_TypeReasons<PQWERJUQMASPRETQT/>
22 июл. 2026 18:35:07,319  INFO StartLogger - Adding static object with id 7338, sid Result_Result, name Результаты, image <PQWERJUQMASPRETQT/><GFDTRGDFSAFADXZW/>Result_Result<PQWERJUQMASPRETQT/>
22 июл. 2026 18:35:07,322  INFO StartLogger - Adding static object with id 7339, sid Region_Region, name Область, image <PQWERJUQMASPRETQT/><GFDTRGDFSAFADXZW/>Region_Region<PQWERJUQMASPRETQT/>
22 июл. 2026 18:35:07,327  INFO StartLogger - Adding static object with id 7340, sid Region_Region.minsk, name Минск, image <PQWERJUQMASPRETQT/><GFDTRGDFSAFADXZW/>minsk<PQWERJUQMASPRETQT/>
22 июл. 2026 18:35:07,330  INFO StartLogger - Adding static object with id 7341, sid Region_Region.minskRegion, name Минская область, image <PQWERJUQMASPRETQT/><GFDTRGDFSAFADXZW/>minskRegion<PQWERJUQMASPRETQT/>
22 июл. 2026 18:35:07,342  INFO StartLogger - Adding static object with id 7342, sid Region_Region.mogilevRegion, name Могилевская область, image <PQWERJUQMASPRETQT/><GFDTRGDFSAFADXZW/>mogilevRegion<PQWERJUQMASPRETQT/>
22 июл. 2026 18:35:07,358  INFO StartLogger - Adding static object with id 7343, sid Region_Region.vitebskRegion, name Витебская область, image <PQWERJUQMASPRETQT/><GFDTRGDFSAFADXZW/>vitebskRegion<PQWERJUQMASPRETQT/>
22 июл. 2026 18:35:07,376  INFO StartLogger - Adding static object with id 7344, sid Region_Region.gomelRegion, name Гомельская область, image <PQWERJUQMASPRETQT/><GFDTRGDFSAFADXZW/>gomelRegion<PQWERJUQMASPRETQT/>
22 июл. 2026 18:35:07,402  INFO StartLogger - Adding static object with id 7345, sid Region_Region.grodnoRegion, name Гродненская область, image <PQWERJUQMASPRETQT/><GFDTRGDFSAFADXZW/>grodnoRegion<PQWERJUQMASPRETQT/>
22 июл. 2026 18:35:07,407  INFO StartLogger - Adding static object with id 7346, sid Region_Region.brestRegion, name Брестская область, image <PQWERJUQMASPRETQT/><GFDTRGDFSAFADXZW/>brestRegion<PQWERJUQMASPRETQT/>
22 июл. 2026 18:35:07,411  INFO StartLogger - Adding static object with id 7347, sid ResultType_ResultType.CT, name ЦТ, image <PQWERJUQMASPRETQT/><GFDTRGDFSAFADXZW/>CT<PQWERJUQMASPRETQT/>
22 июл. 2026 18:35:07,415  INFO StartLogger - Adding static object with id 7348, sid ResultType_ResultType.CE, name ЦЭ, image <PQWERJUQMASPRETQT/><GFDTRGDFSAFADXZW/>CE<PQWERJUQMASPRETQT/>
22 июл. 2026 18:35:07,428  INFO StartLogger - Adding static object with id 7349, sid ResultType_ResultType.RD, name РД, image <PQWERJUQMASPRETQT/><GFDTRGDFSAFADXZW/>RD<PQWERJUQMASPRETQT/>
22 июл. 2026 18:35:07,444  INFO StartLogger - Adding static object with id 7350, sid TypeReasons_TypeReasons.respectful, name Уважительная, image <PQWERJUQMASPRETQT/><GFDTRGDFSAFADXZW/>respectful<PQWERJUQMASPRETQT/>
22 июл. 2026 18:35:07,449  INFO StartLogger - Adding static object with id 7351, sid TypeReasons_TypeReasons.disrespectful, name Неуважительная, image <PQWERJUQMASPRETQT/><GFDTRGDFSAFADXZW/>disrespectful<PQWERJUQMASPRETQT/>
22 июл. 2026 18:35:07,461  INFO StartLogger - Removing static object with id 5736 and sid Main_UO
22 июл. 2026 18:35:07,475  INFO StartLogger - Removing static object with id 5734 and sid Main_Subjects
22 июл. 2026 18:35:07,478  INFO StartLogger - Removing static object with id 5733 and sid Main_ResultType
22 июл. 2026 18:35:07,480  INFO StartLogger - Removing static object with id 5738 and sid Main_Player
22 июл. 2026 18:35:07,488  INFO StartLogger - Removing static object with id 5735 and sid Main_Region
22 июл. 2026 18:35:07,499  INFO StartLogger - Removing static object with id 5832 and sid Main_TypeReasons
22 июл. 2026 18:35:07,501  INFO StartLogger - Removing static object with id 5732 and sid Main_Result
22 июл. 2026 18:35:07,503  INFO StartLogger - Removing static object with id 5737 and sid Main_Reasons
22 июл. 2026 18:35:08,547  INFO StartLogger - Migrating reflection properties and actions
22 июл. 2026 18:35:08,588  INFO StartLogger - Recalculating materializations
22 июл. 2026 18:35:08,590  INFO StartLogger - Updating materialization stats 1 of 9: _auto_Reasons_Reasons started
22 июл. 2026 18:35:09,146  INFO StartLogger - Updating materialization stats 1 of 9: _auto_Reasons_Reasons finished, 556ms
22 июл. 2026 18:35:09,147  INFO StartLogger - Updating materialization stats 2 of 9: _auto_Region_Region started
22 июл. 2026 18:35:09,215  INFO StartLogger - Updating materialization stats 2 of 9: _auto_Region_Region finished, 68ms
22 июл. 2026 18:35:09,215  INFO StartLogger - Updating materialization stats 3 of 9: _auto_Result_Result started
22 июл. 2026 18:35:09,671  INFO StartLogger - Updating materialization stats 3 of 9: _auto_Result_Result finished, 456ms
22 июл. 2026 18:35:09,671  INFO StartLogger - Updating materialization stats 4 of 9: _auto started
22 июл. 2026 18:35:10,014  INFO StartLogger - Updating materialization stats 4 of 9: _auto finished, 343ms
22 июл. 2026 18:35:10,015  INFO StartLogger - Updating materialization stats 5 of 9: _auto_Subjects_Subjects started
22 июл. 2026 18:35:10,384  INFO StartLogger - Updating materialization stats 5 of 9: _auto_Subjects_Subjects finished, 369ms
22 июл. 2026 18:35:10,384  INFO StartLogger - Updating materialization stats 6 of 9: _auto_ResultType_ResultType started
22 июл. 2026 18:35:10,424  INFO StartLogger - Updating materialization stats 6 of 9: _auto_ResultType_ResultType finished, 40ms
22 июл. 2026 18:35:10,424  INFO StartLogger - Updating materialization stats 7 of 9: _auto_UO_UO started
22 июл. 2026 18:35:10,804  INFO StartLogger - Updating materialization stats 7 of 9: _auto_UO_UO finished, 380ms
22 июл. 2026 18:35:10,804  INFO StartLogger - Updating materialization stats 8 of 9: _auto_Player_Player started
22 июл. 2026 18:35:11,160  INFO StartLogger - Updating materialization stats 8 of 9: _auto_Player_Player finished, 356ms
22 июл. 2026 18:35:11,160  INFO StartLogger - Updating materialization stats 9 of 9: _auto_TypeReasons_TypeReasons started
22 июл. 2026 18:35:11,203  INFO StartLogger - Updating materialization stats 9 of 9: _auto_TypeReasons_TypeReasons finished, 43ms
22 июл. 2026 18:35:11,620  INFO StartLogger - Initializing security manager
22 июл. 2026 18:35:11,621  INFO StartLogger - Starting security manager
22 июл. 2026 18:35:11,641  INFO StartLogger - Starting RMI manager
22 июл. 2026 18:35:11,653  INFO StartLogger - Executing onInit action started
22 июл. 2026 18:35:11,653  INFO StartLogger - Synchronizing icons
22 июл. 2026 18:35:11,654  INFO StartLogger - Initializing actions' debugger
22 июл. 2026 18:35:11,781  INFO StartLogger - Executing onInit action finished, 128ms
22 июл. 2026 18:35:11,782  INFO StartLogger - Executing onStarted action started
22 июл. 2026 18:35:11,909  INFO StartLogger - Prereading auto icons
22 июл. 2026 18:35:11,909  INFO StartLogger - Exporting RMI logics object (port: 7652) started
22 июл. 2026 18:35:11,915  INFO StartLogger - Exporting RMI logics object (port: 7652) finished, 6ms
22 июл. 2026 18:35:14,096  INFO SystemLogger - Setting hostname: null
22 июл. 2026 18:35:14,113  INFO StartLogger - Starting Scheduler
22 июл. 2026 18:35:14,170  INFO SystemLogger - Change current time snapshots to 2026-07-22T18:35:14.170341200, 2026-07-22T15:35:14.170341200Z
22 июл. 2026 18:35:14,175  INFO SystemLogger - ChangeCurrentDate started: from 2026-07-21 to 2026-07-22
22 июл. 2026 18:35:14,230  INFO SystemLogger - ChangeCurrentDate finished
22 июл. 2026 18:35:14,425  INFO StartLogger - Executing onStarted action finished, 2643ms
22 июл. 2026 18:35:14,904  INFO StartLogger - Prereading auto icons finished, 0ms
22 июл. 2026 18:35:14,905  INFO SystemLogger - Binding WebSocketServer
22 июл. 2026 18:35:14,912  INFO SystemLogger - Binding ExternalHTTPServer
22 июл. 2026 18:35:14,929  INFO HttpServerLogger - RabbitMQServer: onStarted
22 июл. 2026 18:35:14,933  INFO StartLogger - Prereading caches for properties
22 июл. 2026 18:35:14,934  INFO StartLogger - Reading modules hash
22 июл. 2026 18:35:14,934  INFO StartLogger - Prereading caches for properties finished, 0ms
22 июл. 2026 18:35:14,935  INFO StartLogger - Comparing modulesHash: old 80123cee, new b8f3c2b5
22 июл. 2026 18:35:14,935  INFO StartLogger - Synchronizing tables started
22 июл. 2026 18:35:14,935  INFO StartLogger - Synchronizing navigator element parents started
22 июл. 2026 18:35:14,935  INFO StartLogger - Synchronizing navigator element parents finished, 0ms
22 июл. 2026 18:35:16,712  INFO StartLogger - Synchronizing tables finished, 1777ms
22 июл. 2026 18:35:16,713  INFO StartLogger - Writing modulesHash b8f3c2b5 started
22 июл. 2026 18:35:16,722  INFO StartLogger - Writing modulesHash b8f3c2b5 finished, 9ms
22 июл. 2026 18:35:16,722  INFO StartLogger - Cleaning obsolete caches started
22 июл. 2026 18:35:16,729  INFO StartLogger - Cleaning obsolete caches finished, 7ms
22 июл. 2026 18:35:16,730  INFO StartLogger - Executing onFinallyStarted started
22 июл. 2026 18:35:16,741  INFO StartLogger - Executing onFinallyStarted finished, 11ms
22 июл. 2026 18:35:16,742  INFO StartLogger - Logics instance has successfully started
22 июл. 2026 18:35:16,742  INFO StartLogger - Desktop Client is available at:
22 июл. 2026 18:35:16,742  INFO StartLogger - Java Web Start (with auto update, requires JDK): https://download.lsfusion.org/java/lsfusion-client-6.2.jnlp
22 июл. 2026 18:35:16,742  INFO StartLogger - Installer for Windows (without auto update): https://download.lsfusion.org/exe/lsfusion-desktop-6.2-x64.exe
22 июл. 2026 18:35:16,742  INFO StartLogger - Server has successfully started in 14006 ms
22 июл. 2026 18:48:19,672  INFO StartLogger - Server is starting...
22 июл. 2026 18:48:19,707  INFO StartLogger - Current version: 6.2 (373)
22 июл. 2026 18:48:19,708  INFO StartLogger - Java version: 25.0.2
22 июл. 2026 18:48:19,708  INFO StartLogger - Class path: C:\Users\Lenovo\IdeaProjects\untitled2\out\production\untitled2;C:\Program Files\lsFusion 6\Server\server.jar
22 июл. 2026 18:48:19,714  INFO StartLogger - JVM arguments: [-Xmx1200m, -ea, -Dlsfusion.server.lightstart=true, -Dlsfusion.server.plugin.enabled=true, -javaagent:C:\Program Files\JetBrains\IDEA 2026.1\lib\idea_rt.jar=57296, -Dfile.encoding=UTF-8, -Dsun.stdout.encoding=UTF-8, -Dsun.stderr.encoding=UTF-8]
22 июл. 2026 18:48:20,160  INFO StartLogger - Logics instance is starting...
22 июл. 2026 18:48:20,172  INFO StartLogger - Initializing BusinessLogics
22 июл. 2026 18:48:20,182  INFO StartLogger - Initializing localizer
22 июл. 2026 18:48:20,182  INFO StartLogger - Creating modules
22 июл. 2026 18:48:20,182  INFO StartLogger - Initializing string literals data
22 июл. 2026 18:48:20,454  INFO StartLogger - Initializing dependencies
22 июл. 2026 18:48:20,504  INFO StartLogger - Initializing modules order
22 июл. 2026 18:48:20,506  INFO StartLogger - Initializing metacodes and classes
22 июл. 2026 18:48:20,751  INFO StartLogger - Initializing object class
22 июл. 2026 18:48:20,754  INFO StartLogger - Initializing tables
22 июл. 2026 18:48:20,785  INFO StartLogger - Initializing class tables
22 июл. 2026 18:48:20,835  INFO StartLogger - Initializing full tables with one key
22 июл. 2026 18:48:20,836  INFO StartLogger - Initializing main logic
22 июл. 2026 18:48:20,843  INFO StartLogger - Initializing main logic for module : #1 of 58 System (actual: 1)
22 июл. 2026 18:48:21,096  INFO StartLogger - Initializing main logic for module : #2 of 58 Time (actual: 2)
22 июл. 2026 18:48:21,096  INFO StartLogger - Initializing main logic for module : #3 of 58 MasterData (actual: 7)
22 июл. 2026 18:48:21,096  INFO StartLogger - Initializing main logic for module : #4 of 58 Sound (actual: 36)
22 июл. 2026 18:48:21,096  INFO StartLogger - Initializing main logic for module : #5 of 58 Integration (actual: 49)
22 июл. 2026 18:48:21,096  INFO StartLogger - Initializing main logic for module : #6 of 58 Printer (actual: 10)
22 июл. 2026 18:48:21,097  INFO StartLogger - Initializing main logic for module : #10 of 58 Main (actual: 17)
22 июл. 2026 18:48:21,097  INFO StartLogger - Initializing main logic for module : #11 of 58 DefaultData (actual: 12)
22 июл. 2026 18:48:21,097  INFO StartLogger - Initializing main logic for module : #12 of 58 Image (actual: 11)
22 июл. 2026 18:48:21,096  INFO StartLogger - Initializing main logic for module : #8 of 58 Com (actual: 52)
22 июл. 2026 18:48:21,096  INFO StartLogger - Initializing main logic for module : #7 of 58 UserEvents (actual: 15)
22 июл. 2026 18:48:21,096  INFO StartLogger - Initializing main logic for module : #9 of 58 ProcessUtils (actual: 38)
22 июл. 2026 18:48:21,097  INFO StartLogger - Initializing main logic for module : #13 of 58 TypeReasons (actual: 23)
22 июл. 2026 18:48:21,097  INFO StartLogger - Initializing main logic for module : #14 of 58 Subjects (actual: 22)
22 июл. 2026 18:48:21,097  INFO StartLogger - Initializing main logic for module : #15 of 58 Region (actual: 19)
22 июл. 2026 18:48:21,098  INFO StartLogger - Initializing main logic for module : #16 of 58 Player (actual: 21)
22 июл. 2026 18:48:21,098  INFO StartLogger - Initializing main logic for module : #17 of 58 ResultType (actual: 18)
22 июл. 2026 18:48:21,102  INFO StartLogger - Initializing main logic for module : #18 of 58 Numerator (actual: 13)
22 июл. 2026 18:48:21,107  INFO StartLogger - Initializing main logic for module : #19 of 58 Reasons (actual: 24)
22 июл. 2026 18:48:21,108  INFO StartLogger - Initializing main logic for module : #20 of 58 UO (actual: 20)
22 июл. 2026 18:48:21,290  INFO StartLogger - Initializing main logic for module : #22 of 58 Utils (actual: 3)
22 июл. 2026 18:48:21,290  INFO StartLogger - Initializing main logic for module : #21 of 58 Result (actual: 25)
22 июл. 2026 18:48:21,341  INFO StartLogger - Initializing main logic for module : #23 of 58 Hierarchy (actual: 26)
22 июл. 2026 18:48:21,341  INFO StartLogger - Initializing main logic for module : #24 of 58 Authentication (actual: 4)
22 июл. 2026 18:48:21,341  INFO StartLogger - Initializing main logic for module : #27 of 58 I18n (actual: 35)
22 июл. 2026 18:48:21,341  INFO StartLogger - Initializing main logic for module : #25 of 58 Schedule (actual: 58)
22 июл. 2026 18:48:21,341  INFO StartLogger - Initializing main logic for module : #26 of 58 Excel (actual: 27)
22 июл. 2026 18:48:21,434  INFO StartLogger - Initializing main logic for module : #28 of 58 Reflection (actual: 5)
22 июл. 2026 18:48:21,434  INFO StartLogger - Initializing main logic for module : #29 of 58 Historizable (actual: 16)
22 июл. 2026 18:48:21,434  INFO StartLogger - Initializing main logic for module : #30 of 58 Document (actual: 14)
22 июл. 2026 18:48:21,434  INFO StartLogger - Initializing main logic for module : #31 of 58 ProcessMonitor (actual: 47)
22 июл. 2026 18:48:21,497  INFO StartLogger - Initializing main logic for module : #32 of 58 Messenger (actual: 33)
22 июл. 2026 18:48:21,497  INFO StartLogger - Initializing main logic for module : #33 of 58 SystemEvents (actual: 6)
22 июл. 2026 18:48:21,504  INFO StartLogger - Initializing main logic for module : #34 of 58 Whatsapp (actual: 34)
22 июл. 2026 18:48:21,504  INFO StartLogger - Initializing main logic for module : #35 of 58 Slack (actual: 42)
22 июл. 2026 18:48:21,504  INFO StartLogger - Initializing main logic for module : #38 of 58 Telegram (actual: 53)
22 июл. 2026 18:48:21,504  INFO StartLogger - Initializing main logic for module : #36 of 58 Viber (actual: 40)
22 июл. 2026 18:48:21,504  INFO StartLogger - Initializing main logic for module : #37 of 58 Skype (actual: 56)
22 июл. 2026 18:48:21,567  INFO StartLogger - Initializing main logic for module : #39 of 58 JKanban (actual: 41)
22 июл. 2026 18:48:21,567  INFO StartLogger - Initializing main logic for module : #40 of 58 WebSocket (actual: 54)
22 июл. 2026 18:48:21,567  INFO StartLogger - Initializing main logic for module : #41 of 58 Chart (actual: 51)
22 июл. 2026 18:48:21,567  INFO StartLogger - Initializing main logic for module : #44 of 58 Word (actual: 8)
22 июл. 2026 18:48:21,567  INFO StartLogger - Initializing main logic for module : #42 of 58 QZTray (actual: 37)
22 июл. 2026 18:48:21,567  INFO StartLogger - Initializing main logic for module : #43 of 58 Email (actual: 28)
22 июл. 2026 18:48:21,567  INFO StartLogger - Initializing main logic for module : #45 of 58 Carousel (actual: 9)
22 июл. 2026 18:48:21,567  INFO StartLogger - Initializing main logic for module : #46 of 58 RabbitMQ (actual: 55)
22 июл. 2026 18:48:21,567  INFO StartLogger - Initializing main logic for module : #47 of 58 FrappeGantt (actual: 44)
22 июл. 2026 18:48:21,567  INFO StartLogger - Initializing main logic for module : #48 of 58 Geo (actual: 39)
22 июл. 2026 18:48:21,567  INFO StartLogger - Initializing main logic for module : #49 of 58 OpenCV (actual: 57)
22 июл. 2026 18:48:21,567  INFO StartLogger - Initializing main logic for module : #50 of 58 Icon (actual: 43)
22 июл. 2026 18:48:21,626  INFO StartLogger - Initializing main logic for module : #51 of 58 Security (actual: 29)
22 июл. 2026 18:48:21,679  INFO StartLogger - Initializing main logic for module : #52 of 58 Service (actual: 30)
22 июл. 2026 18:48:21,746  INFO StartLogger - Initializing main logic for module : #53 of 58 Scheduler (actual: 45)
22 июл. 2026 18:48:21,746  INFO StartLogger - Initializing main logic for module : #56 of 58 Chat (actual: 50)
22 июл. 2026 18:48:21,746  INFO StartLogger - Initializing main logic for module : #54 of 58 SQLUtils (actual: 48)
22 июл. 2026 18:48:21,746  INFO StartLogger - Initializing main logic for module : #57 of 58 Eval (actual: 32)
22 июл. 2026 18:48:21,746  INFO StartLogger - Initializing main logic for module : #55 of 58 Profiler (actual: 31)
22 июл. 2026 18:48:21,777  INFO StartLogger - Initializing main logic for module : #58 of 58 Backup (actual: 46)
22 июл. 2026 18:48:21,791  INFO StartLogger - Finalizing classes
22 июл. 2026 18:48:21,791  INFO StartLogger - Checking for duplicate elements
22 июл. 2026 18:48:21,792  INFO StartLogger - Finalizing groups
22 июл. 2026 18:48:21,806  INFO StartLogger - Initializing class dialog forms
22 июл. 2026 18:48:21,806  INFO StartLogger - Filling implicit cases
22 июл. 2026 18:48:21,806  INFO StartLogger - Initializing abstract properties
22 июл. 2026 18:48:21,807  INFO StartLogger - Finalizing abstract actions
22 июл. 2026 18:48:21,858  INFO StartLogger - Checking abstract
22 июл. 2026 18:48:21,858  INFO StartLogger - Initializing class aggr props
22 июл. 2026 18:48:21,858  INFO StartLogger - Initializing fields for data and materialized properties
22 июл. 2026 18:48:21,858  INFO StartLogger - Looking for recursions in abstract actions
22 июл. 2026 18:48:21,903  INFO StartLogger - Setting up property policy
22 июл. 2026 18:48:21,904  INFO StartLogger - Setting up drill-down
22 июл. 2026 18:48:21,905  INFO StartLogger - Finalizing navigator elements
22 июл. 2026 18:48:21,915  INFO StartLogger - Finalizing tables
22 июл. 2026 18:48:21,915  INFO StartLogger - Initializing indices
22 июл. 2026 18:48:21,937  INFO StartLogger - Initializing reflection events
22 июл. 2026 18:48:21,967  INFO StartLogger - Setting up action policy
22 июл. 2026 18:48:22,616  INFO StartLogger - Setting user logging for properties
22 июл. 2026 18:48:22,628  INFO StartLogger - Setting user materialized for properties
22 июл. 2026 18:48:22,630  INFO StartLogger - Setting user not null constraints for properties
22 июл. 2026 18:48:22,633  INFO StartLogger - Disabling input list
22 июл. 2026 18:48:22,636  INFO StartLogger - Setting user select for properties
22 июл. 2026 18:48:22,642  INFO StartLogger - Initializing class data indexes
22 июл. 2026 18:48:22,642  INFO StartLogger - Setting up loggables
22 июл. 2026 18:48:22,642  INFO StartLogger - Finalizing forms
22 июл. 2026 18:48:22,651  INFO StartLogger - Finalizing properties
22 июл. 2026 18:48:22,661  INFO StartLogger - Synchronizing DB
22 июл. 2026 18:48:22,691  INFO StartLogger - Checking indexes
22 июл. 2026 18:48:22,697  INFO StartLogger - Applying migration script (0.0 -> 0.0)
22 июл. 2026 18:48:22,720  INFO StartLogger - Creating tables
22 июл. 2026 18:48:22,723  INFO StartLogger - Updating stats
22 июл. 2026 18:48:22,740  INFO StartLogger - Adding indexes
22 июл. 2026 18:48:22,740  INFO StartLogger - Packing tables
22 июл. 2026 18:48:22,740  INFO StartLogger - Filling static objects ids
22 июл. 2026 18:48:22,888  INFO StartLogger - Prereading form property events
22 июл. 2026 18:48:23,019  INFO StartLogger - Initializing lazy properties
22 июл. 2026 18:48:23,031  INFO StartLogger - Reading global events / materialized properties links
22 июл. 2026 18:48:23,031  INFO StartLogger - Looking for recursions in abstract properties
22 июл. 2026 18:48:23,411  INFO StartLogger - Building global events / materialized properties list
22 июл. 2026 18:48:23,434  INFO StartLogger - Reading local events links
22 июл. 2026 18:48:23,445  INFO StartLogger - Building local events list
22 июл. 2026 18:48:23,457  INFO StartLogger - Writing static objects changes
22 июл. 2026 18:48:23,749  INFO StartLogger - Migrating reflection properties and actions
22 июл. 2026 18:48:23,777  INFO StartLogger - Recalculating materializations
22 июл. 2026 18:48:23,869  INFO StartLogger - Initializing security manager
22 июл. 2026 18:48:23,870  INFO StartLogger - Starting security manager
22 июл. 2026 18:48:23,902  INFO StartLogger - Starting RMI manager
22 июл. 2026 18:48:23,911  INFO StartLogger - Executing onInit action started
22 июл. 2026 18:48:23,911  INFO StartLogger - Synchronizing icons
22 июл. 2026 18:48:23,911  INFO StartLogger - Initializing actions' debugger
22 июл. 2026 18:48:24,087  INFO StartLogger - Executing onInit action finished, 176ms
22 июл. 2026 18:48:24,090  INFO StartLogger - Executing onStarted action started
22 июл. 2026 18:48:24,178  INFO StartLogger - Prereading auto icons
22 июл. 2026 18:48:24,178  INFO StartLogger - Exporting RMI logics object (port: 7652) started
22 июл. 2026 18:48:24,185  INFO StartLogger - Exporting RMI logics object (port: 7652) finished, 7ms
22 июл. 2026 18:48:26,478  INFO SystemLogger - Setting hostname: null
22 июл. 2026 18:48:26,490  INFO StartLogger - Starting Scheduler
22 июл. 2026 18:48:26,536  INFO SystemLogger - Change current time snapshots to 2026-07-22T18:48:26.536521900, 2026-07-22T15:48:26.536521900Z
22 июл. 2026 18:48:26,655  INFO StartLogger - Prereading auto icons finished, 0ms
22 июл. 2026 18:48:26,689  INFO StartLogger - Executing onStarted action finished, 2599ms
22 июл. 2026 18:48:26,691  INFO SystemLogger - Binding WebSocketServer
22 июл. 2026 18:48:26,694  INFO SystemLogger - Binding ExternalHTTPServer
22 июл. 2026 18:48:26,714  INFO HttpServerLogger - RabbitMQServer: onStarted
22 июл. 2026 18:48:26,718  INFO StartLogger - Prereading caches for properties
22 июл. 2026 18:48:26,718  INFO StartLogger - Reading modules hash
22 июл. 2026 18:48:26,718  INFO StartLogger - Prereading caches for properties finished, 0ms
22 июл. 2026 18:48:26,720  INFO StartLogger - Comparing modulesHash: old b8f3c2b5, new b8f3c2b5
22 июл. 2026 18:48:26,721  INFO StartLogger - Synchronizing navigator element parents started
22 июл. 2026 18:48:26,721  INFO StartLogger - Synchronizing navigator element parents finished, 0ms
22 июл. 2026 18:48:26,722  INFO StartLogger - Writing modulesHash b8f3c2b5 started
22 июл. 2026 18:48:26,735  INFO StartLogger - Writing modulesHash b8f3c2b5 finished, 13ms
22 июл. 2026 18:48:26,737  INFO StartLogger - Cleaning obsolete caches started
22 июл. 2026 18:48:26,742  INFO StartLogger - Cleaning obsolete caches finished, 5ms
22 июл. 2026 18:48:26,742  INFO StartLogger - Executing onFinallyStarted started
22 июл. 2026 18:48:26,754  INFO StartLogger - Executing onFinallyStarted finished, 12ms
22 июл. 2026 18:48:26,755  INFO StartLogger - Logics instance has successfully started
22 июл. 2026 18:48:26,755  INFO StartLogger - Desktop Client is available at:
22 июл. 2026 18:48:26,755  INFO StartLogger - Java Web Start (with auto update, requires JDK): https://download.lsfusion.org/java/lsfusion-client-6.2.jnlp
22 июл. 2026 18:48:26,755  INFO StartLogger - Installer for Windows (without auto update): https://download.lsfusion.org/exe/lsfusion-desktop-6.2-x64.exe
22 июл. 2026 18:48:26,755  INFO StartLogger - Server has successfully started in 7239 ms
